<?xml version="1.0" encoding="UTF-8"?>
<!-- Generated by org.testng.reporters.JUnitReportReporter -->
<testsuite hostname="DESKTOP-BKR3RM9" failures="0" tests="2" name="org.tem.Generate" time="181.810" errors="0" timestamp="2023-03-10T13:43:38 IST" skipped="0">
  <testcase classname="org.tem.Generate" name="tc6" time="77.545"/>
  <system-out/>
  <testcase classname="org.tem.Generate" name="tc7" time="104.265"/>
  <system-out/>
</testsuite> <!-- org.tem.Generate -->
