<?xml version="1.0" encoding="UTF-8"?>
<!-- Generated by org.testng.reporters.JUnitReportReporter -->
<testsuite hostname="DESKTOP-BKR3RM9" failures="0" tests="3" name="org.tes.SampleTestng" time="29.102" errors="0" timestamp="2023-03-10T16:03:22 IST" skipped="0">
  <testcase classname="org.tes.SampleTestng" name="tc5" time="3.123"/>
  <system-out/>
  <testcase classname="org.tes.SampleTestng" name="tc1" time="5.853"/>
  <system-out/>
  <testcase classname="org.tes.SampleTestng" name="tc3" time="20.126"/>
  <system-out/>
</testsuite> <!-- org.tes.SampleTestng -->
