<?xml version="1.0" encoding="UTF-8"?>
<!-- Generated by org.testng.reporters.JUnitReportReporter -->
<testsuite hostname="DESKTOP-BKR3RM9" failures="0" tests="7" name="org.tes.TestngPriority" time="169.783" errors="0" timestamp="2023-03-07T11:23:27 IST" skipped="0">
  <testcase classname="org.tes.TestngPriority" name="tc1" time="3.622"/>
  <system-out/>
  <testcase classname="org.tes.TestngPriority" name="tc2" time="22.402"/>
  <system-out/>
  <testcase classname="org.tes.TestngPriority" name="tc3" time="60.383"/>
  <system-out/>
  <testcase classname="org.tes.TestngPriority" name="tc4" time="20.794"/>
  <system-out/>
  <testcase classname="org.tes.TestngPriority" name="tc5" time="43.821"/>
  <system-out/>
  <testcase classname="org.tes.TestngPriority" name="tc6" time="6.413"/>
  <system-out/>
  <testcase classname="org.tes.TestngPriority" name="tc7" time="12.348"/>
  <system-out/>
</testsuite> <!-- org.tes.TestngPriority -->
