<?xml version="1.0" encoding="UTF-8"?>
<!-- Generated by org.testng.reporters.JUnitReportReporter -->
<testsuite hostname="DESKTOP-BKR3RM9" failures="0" tests="2" name="org.tes.Bb" time="0.004" errors="0" timestamp="2023-03-07T11:23:27 IST" skipped="0">
  <testcase classname="org.tes.Bb" name="tc10" time="0.002"/>
  <system-out/>
  <testcase classname="org.tes.Bb" name="tc9" time="0.002"/>
  <system-out/>
</testsuite> <!-- org.tes.Bb -->
