<?xml version="1.0" encoding="UTF-8"?>
<!-- Generated by org.testng.reporters.JUnitReportReporter -->
<testsuite hostname="DESKTOP-BKR3RM9" failures="0" tests="3" name="org.tes.Aa" time="0.021" errors="0" timestamp="2023-03-06T15:19:57 IST" skipped="0">
  <testcase classname="org.tes.Aa" name="tc77" time="0.010"/>
  <system-out/>
  <testcase classname="org.tes.Aa" name="tc11" time="0.009"/>
  <system-out/>
  <testcase classname="org.tes.Aa" name="tc22" time="0.002"/>
  <system-out/>
</testsuite> <!-- org.tes.Aa -->
