<?xml version="1.0" encoding="UTF-8"?>
<!-- Generated by org.testng.reporters.JUnitReportReporter -->
<testsuite hostname="DESKTOP-BKR3RM9" failures="0" tests="3" name="org.tem.SampleMethod" time="228.965" errors="0" timestamp="2023-03-10T13:04:09 IST" skipped="0">
  <testcase classname="org.tem.SampleMethod" name="tc3" time="58.778"/>
  <system-out/>
  <testcase classname="org.tem.SampleMethod" name="tc1" time="109.833"/>
  <system-out/>
  <testcase classname="org.tem.SampleMethod" name="tc2" time="60.354"/>
  <system-out/>
</testsuite> <!-- org.tem.SampleMethod -->
